+-------------------------------------------------+
| [ BEGIN INITIALIZATION ] : 2023-Aug-30 15:48:53 |
+-------------------------------------------------+
+-----------------------------------------------+
| [ END INITIALIZATION ] : 2023-Aug-30 15:48:53 |
+-----------------------------------------------+
+----------------------------------------------------------+
| [ BEGIN CL GENERATION FOR be#fr ] : 2023-Aug-30 15:48:53 |
+----------------------------------------------------------+
+-----------------------------------------------------------------+
| [ BEGIN CLEAN CL UNDER THRESHOLD be#fr ] : 2023-Aug-30 15:49:33 |
+-----------------------------------------------------------------+
[ INFO ] Nb CL isolées inférieures a un seuil supprimées  0
+---------------------------------------------------------------+
| [ END CLEAN CL UNDER THRESHOLD be#fr ] : 2023-Aug-30 15:49:33 |
+---------------------------------------------------------------+
+-------------------------------------------------------+
| [ BEGIN UPDATE GEOM CL be#fr ] : 2023-Aug-30 15:49:33 |
+-------------------------------------------------------+
[ DEBUG ] CL: CONNECTINGLINE8
[ DEBUG ] CL: CONNECTINGLINE9
[ DEBUG ] CL: CONNECTINGLINE10
[ WARN ] Suppression CL  CONNECTINGLINE10 not matching linked edge : 7e30ada9-e973-43c6-aae4-18c688f68256
[ DEBUG ] CL: CONNECTINGLINE11
[ DEBUG ] CL: CONNECTINGLINE12
[ DEBUG ] CL: CONNECTINGLINE13
+-------------------------------------------------------+
| [ BEGIN UPDATE GEOM CL be#fr ] : 2023-Aug-30 15:51:45 |
+-------------------------------------------------------+
+--------------------------------------------------------+
| [ END CL GENERATION FOR be#fr ] : 2023-Aug-30 15:51:45 |
+--------------------------------------------------------+
[ INFO ] [START] initialization: 2023-Aug-30 15:53:12
[ INFO ] [END] initialization: 2023-Aug-30 15:53:12
[ DEBUG ] CONNECTINGLINE8
[ DEBUG ]   452db8fc-5d51-4da9-ac7d-913b44093828
[ DEBUG ] CONNECTINGLINE9
[ DEBUG ]   cdf85173-50a5-4a6c-ae0e-de030db5ad90
[ DEBUG ] CONNECTINGLINE11
[ DEBUG ]   cdf85173-50a5-4a6c-ae0e-de030db5ad90
[ DEBUG ] CONNECTINGLINE12
[ DEBUG ]   0497859d-49b1-420f-9e47-24022b87dcc9
[ DEBUG ] CONNECTINGLINE13
[ DEBUG ]   af367156-4a63-4f6d-b415-cc6e14f70307
[ WARN ] No node found at location : POINT(3873595.16535573 3041637.21151419 119.502049864436)
[ WARN ] No node found at location : POINT(3873595.16535573 3041637.21151419 119.502049864436)
[ WARN ] No node found at location : POINT(3873659.1 3041680.1 122.1)
[ WARN ] No node found at location : POINT(3873701.9 3041583.1 121.6)
[ WARN ] No node found at location : POINT(3873942.1 3041464 124)
[ INFO ] nombre d arcs deformes :2
[ INFO ] [START] initialization: 2023-Aug-30 15:53:12
[ INFO ] [END] initialization: 2023-Aug-30 15:53:12
[ DEBUG ] CONNECTINGLINE8
[ DEBUG ]   8690126e-a6b7-40b0-bc8c-3391afc2d6de
[ DEBUG ] CONNECTINGLINE9
[ DEBUG ]   8690126e-a6b7-40b0-bc8c-3391afc2d6de
[ DEBUG ] CONNECTINGLINE11
[ DEBUG ]   069914b3-896b-4173-8be2-bf013210ed9f
[ DEBUG ] CONNECTINGLINE12
[ DEBUG ]   95904682-c6b3-452a-a47f-d221c912054b
[ DEBUG ] CONNECTINGLINE13
[ DEBUG ]   7e30ada9-e973-43c6-aae4-18c688f68256
[ WARN ] No node found at location : POINT(3873701.99382828 3041583.26604792 120.624572544984)
[ WARN ] No node found at location : POINT(3873712.70551088 3041578.11960793 120.648734235064)
[ WARN ] No node found at location : POINT(3873712.70551088 3041578.11960793 120.648734235064)
[ WARN ] No node found at location : POINT(3873939.1 3041466.3 121.3)
[ INFO ] nombre d arcs deformes :3
